<?xml version="1.0" encoding="UTF-8"?>
<!-- Generated by org.testng.reporters.JUnitReportReporter -->
<testsuite skipped="0" hostname="DESKTOP-7KKEQD2" name="org.test.SnapDeal" tests="5" failures="0" timestamp="17 Dec 2020 18:09:05 GMT" time="218.493" errors="0">
  <testcase name="tc1" time="34.849" classname="org.test.SnapDeal"/>
  <testcase name="tc1" time="12.009" classname="org.test.SnapDeal"/>
  <testcase name="tc1" time="52.261" classname="org.test.SnapDeal"/>
  <testcase name="tc1" time="87.087" classname="org.test.SnapDeal"/>
  <testcase name="tc1" time="32.287" classname="org.test.SnapDeal"/>
</testsuite> <!-- org.test.SnapDeal -->
