<?xml version="1.0" encoding="UTF-8"?>
<!-- Generated by org.testng.reporters.JUnitReportReporter -->
<testsuite skipped="0" hostname="DESKTOP-7KKEQD2" name="org.test.NewTest" tests="3" failures="0" timestamp="15 Dec 2020 19:40:00 GMT" time="12.118" errors="0">
  <testcase name="tc1" time="9.943" classname="org.test.NewTest"/>
  <testcase name="tc3" time="1.300" classname="org.test.NewTest"/>
  <testcase name="tc2" time="0.875" classname="org.test.NewTest"/>
</testsuite> <!-- org.test.NewTest -->
